TN:
SF:C:/Code/ProjectManager/ProjectManagerApp/src/polyfills.ts
FNF:0
FNH:0
DA:46,1
DA:74,1
LF:2
LH:2
BRF:0
BRH:0
end_of_record
TN:
SF:C:/Code/ProjectManager/ProjectManagerApp/src/test.ts
FNF:0
FNH:0
DA:3,1
DA:4,1
DA:5,1
DA:13,1
DA:18,1
DA:20,1
LF:6
LH:6
BRF:0
BRH:0
end_of_record
TN:
SF:C:/Code/ProjectManager/ProjectManagerApp/src/app/app.component.ts
FN:8,(anonymous_1)
FN:3,AppComponent
FNF:2
FNH:2
FNDA:1,(anonymous_1)
FNDA:2,AppComponent
DA:1,1
DA:8,1
DA:9,2
DA:10,1
LF:4
LH:4
BRF:0
BRH:0
end_of_record
TN:
SF:C:/Code/ProjectManager/ProjectManagerApp/src/app/add-project/add-project.component.ts
FN:16,(anonymous_2)
FN:23,AddProjectComponent
FN:27,(anonymous_4)
FN:32,(anonymous_5)
FN:51,(anonymous_6)
FN:54,(anonymous_7)
FN:56,(anonymous_8)
FN:60,(anonymous_9)
FN:65,(anonymous_10)
FN:83,(anonymous_11)
FN:95,(anonymous_12)
FN:101,(anonymous_13)
FN:114,(anonymous_14)
FN:121,(anonymous_15)
FN:128,(anonymous_16)
FN:136,(anonymous_17)
FN:147,(anonymous_18)
FN:153,(anonymous_19)
FN:159,(anonymous_20)
FN:162,(anonymous_21)
FN:165,(anonymous_22)
FN:170,(anonymous_23)
FNF:22
FNH:17
FNDA:1,(anonymous_2)
FNDA:7,AddProjectComponent
FNDA:8,(anonymous_4)
FNDA:15,(anonymous_5)
FNDA:8,(anonymous_6)
FNDA:8,(anonymous_7)
FNDA:9,(anonymous_8)
FNDA:9,(anonymous_9)
FNDA:2,(anonymous_10)
FNDA:2,(anonymous_11)
FNDA:4,(anonymous_12)
FNDA:1,(anonymous_13)
FNDA:1,(anonymous_14)
FNDA:0,(anonymous_15)
FNDA:0,(anonymous_16)
FNDA:17,(anonymous_17)
FNDA:16,(anonymous_18)
FNDA:1,(anonymous_19)
FNDA:0,(anonymous_20)
FNDA:0,(anonymous_21)
FNDA:0,(anonymous_22)
FNDA:97,(anonymous_23)
DA:1,1
DA:2,1
DA:3,1
DA:4,1
DA:5,1
DA:8,1
DA:16,1
DA:17,7
DA:20,7
DA:23,7
DA:24,7
DA:25,7
DA:27,1
DA:28,8
DA:29,8
DA:30,8
DA:32,1
DA:34,15
DA:47,15
DA:51,8
DA:52,8
DA:53,8
DA:54,8
DA:56,9
DA:57,9
DA:58,9
DA:60,9
DA:65,1
DA:66,2
DA:67,2
DA:79,2
DA:83,1
DA:84,2
DA:85,2
DA:86,1
DA:89,1
DA:92,2
DA:95,1
DA:96,4
DA:97,4
DA:98,4
DA:101,1
DA:102,1
DA:112,1
DA:113,1
DA:115,1
DA:116,1
DA:120,0
DA:122,0
DA:123,0
DA:128,1
DA:130,0
DA:136,1
DA:138,17
DA:140,1
DA:143,16
DA:147,1
DA:149,16
DA:150,16
DA:153,1
DA:154,1
DA:155,1
DA:159,1
DA:160,0
DA:163,0
DA:164,0
DA:165,0
DA:170,1
DA:172,97
DA:173,970
DA:174,97
DA:176,970
DA:177,97
DA:180,97
DA:182,1
LF:75
LH:67
BRDA:70,0,0,1
BRDA:70,0,1,1
BRDA:70,1,0,2
BRDA:70,1,1,1
BRDA:71,2,0,1
BRDA:71,2,1,1
BRDA:72,3,0,1
BRDA:72,3,1,1
BRDA:85,4,0,1
BRDA:85,4,1,1
BRDA:104,5,0,0
BRDA:104,5,1,1
BRDA:105,6,0,0
BRDA:105,6,1,1
BRDA:112,7,0,1
BRDA:112,7,1,0
BRDA:138,8,0,1
BRDA:138,8,1,16
BRDA:173,9,0,97
BRDA:173,9,1,873
BRDA:176,10,0,97
BRDA:176,10,1,873
BRDA:180,11,0,0
BRDA:180,11,1,97
BRF:24
BRH:20
end_of_record
TN:
SF:C:/Code/ProjectManager/ProjectManagerApp/src/app/add-task/add-task.component.ts
FN:24,(anonymous_2)
FN:37,AddTaskComponent
FN:48,(anonymous_4)
FN:51,(anonymous_5)
FN:57,(anonymous_6)
FN:61,(anonymous_7)
FN:66,(anonymous_8)
FN:80,(anonymous_9)
FN:99,(anonymous_10)
FN:102,(anonymous_11)
FN:109,(anonymous_12)
FN:112,(anonymous_13)
FN:118,(anonymous_14)
FN:135,(anonymous_15)
FN:147,(anonymous_16)
FN:158,(anonymous_17)
FN:163,(anonymous_18)
FN:168,(anonymous_19)
FN:189,(anonymous_20)
FN:215,(anonymous_21)
FN:222,(anonymous_22)
FN:229,(anonymous_23)
FNF:22
FNH:12
FNDA:1,(anonymous_2)
FNDA:7,AddTaskComponent
FNDA:11,(anonymous_4)
FNDA:11,(anonymous_5)
FNDA:11,(anonymous_6)
FNDA:0,(anonymous_7)
FNDA:11,(anonymous_8)
FNDA:0,(anonymous_9)
FNDA:0,(anonymous_10)
FNDA:0,(anonymous_11)
FNDA:0,(anonymous_12)
FNDA:0,(anonymous_13)
FNDA:11,(anonymous_14)
FNDA:11,(anonymous_15)
FNDA:0,(anonymous_16)
FNDA:1,(anonymous_17)
FNDA:12,(anonymous_18)
FNDA:11,(anonymous_19)
FNDA:0,(anonymous_20)
FNDA:0,(anonymous_21)
FNDA:0,(anonymous_22)
FNDA:143,(anonymous_23)
DA:1,1
DA:3,1
DA:4,1
DA:5,1
DA:6,1
DA:7,1
DA:11,1
DA:14,1
DA:15,1
DA:16,1
DA:24,1
DA:25,7
DA:26,7
DA:27,7
DA:28,7
DA:31,7
DA:32,7
DA:34,7
DA:35,7
DA:39,7
DA:40,7
DA:41,7
DA:42,7
DA:43,7
DA:44,7
DA:45,7
DA:48,11
DA:49,11
DA:50,11
DA:51,11
DA:52,11
DA:53,11
DA:56,11
DA:58,11
DA:59,11
DA:62,0
DA:66,1
DA:67,11
DA:68,0
DA:69,0
DA:70,0
DA:73,0
DA:77,11
DA:80,1
DA:81,0
DA:96,0
DA:98,0
DA:100,0
DA:103,0
DA:108,0
DA:110,0
DA:113,0
DA:118,1
DA:120,11
DA:121,11
DA:122,11
DA:123,11
DA:124,11
DA:125,11
DA:126,11
DA:127,11
DA:128,11
DA:129,11
DA:130,11
DA:131,11
DA:132,11
DA:135,1
DA:137,11
DA:139,0
DA:143,11
DA:147,1
DA:149,0
DA:151,0
DA:154,0
DA:158,1
DA:159,1
DA:160,1
DA:163,1
DA:164,12
DA:165,12
DA:168,1
DA:169,11
DA:184,11
DA:185,11
DA:186,11
DA:189,1
DA:190,0
DA:204,0
DA:205,0
DA:206,0
DA:208,0
DA:211,0
DA:215,1
DA:216,0
DA:222,1
DA:223,0
DA:229,1
DA:231,143
DA:232,1716
DA:233,143
DA:235,1716
DA:236,143
DA:239,143
DA:242,1
LF:104
LH:79
BRDA:67,0,0,0
BRDA:67,0,1,11
BRDA:68,1,0,0
BRDA:68,1,1,0
BRDA:84,2,0,0
BRDA:84,2,1,0
BRDA:85,3,0,0
BRDA:85,3,1,0
BRDA:86,4,0,0
BRDA:86,4,1,0
BRDA:87,5,0,0
BRDA:87,5,1,0
BRDA:96,6,0,0
BRDA:96,6,1,0
BRDA:137,7,0,0
BRDA:137,7,1,11
BRDA:149,8,0,0
BRDA:149,8,1,0
BRDA:193,9,0,0
BRDA:193,9,1,0
BRDA:196,10,0,0
BRDA:196,10,1,0
BRDA:197,11,0,0
BRDA:197,11,1,0
BRDA:198,12,0,0
BRDA:198,12,1,0
BRDA:199,13,0,0
BRDA:199,13,1,0
BRDA:200,14,0,0
BRDA:200,14,1,0
BRDA:201,15,0,0
BRDA:201,15,1,0
BRDA:202,16,0,0
BRDA:202,16,1,0
BRDA:206,17,0,0
BRDA:206,17,1,0
BRDA:232,18,0,143
BRDA:232,18,1,1573
BRDA:235,19,0,143
BRDA:235,19,1,1573
BRDA:239,20,0,0
BRDA:239,20,1,143
BRF:42
BRH:7
end_of_record
TN:
SF:C:/Code/ProjectManager/ProjectManagerApp/src/app/add-user/add-user.component.ts
FN:15,(anonymous_2)
FN:22,AddUserComponent
FN:25,(anonymous_4)
FN:30,(anonymous_5)
FN:42,(anonymous_6)
FN:48,(anonymous_7)
FN:60,(anonymous_8)
FN:76,(anonymous_9)
FN:80,(anonymous_10)
FN:87,(anonymous_11)
FN:94,(anonymous_12)
FN:96,(anonymous_13)
FN:101,(anonymous_14)
FN:114,(anonymous_15)
FN:116,(anonymous_16)
FN:121,(anonymous_17)
FN:124,(anonymous_18)
FN:127,(anonymous_19)
FNF:18
FNH:13
FNDA:1,(anonymous_2)
FNDA:7,AddUserComponent
FNDA:8,(anonymous_4)
FNDA:12,(anonymous_5)
FNDA:4,(anonymous_6)
FNDA:1,(anonymous_7)
FNDA:0,(anonymous_8)
FNDA:1,(anonymous_9)
FNDA:0,(anonymous_10)
FNDA:1,(anonymous_11)
FNDA:1,(anonymous_12)
FNDA:1,(anonymous_13)
FNDA:3,(anonymous_14)
FNDA:12,(anonymous_15)
FNDA:12,(anonymous_16)
FNDA:0,(anonymous_17)
FNDA:0,(anonymous_18)
FNDA:0,(anonymous_19)
DA:1,1
DA:2,1
DA:3,1
DA:6,1
DA:7,1
DA:15,1
DA:17,7
DA:19,7
DA:22,7
DA:23,7
DA:25,1
DA:26,8
DA:27,8
DA:30,1
DA:32,12
DA:42,1
DA:43,4
DA:44,4
DA:45,4
DA:48,1
DA:49,1
DA:50,1
DA:60,1
DA:61,0
DA:72,0
DA:76,1
DA:78,1
DA:79,0
DA:81,0
DA:82,0
DA:86,1
DA:88,1
DA:89,1
DA:94,1
DA:95,1
DA:97,1
DA:101,1
DA:102,3
DA:103,3
DA:104,2
DA:107,1
DA:110,3
DA:111,3
DA:114,12
DA:115,12
DA:117,12
DA:121,1
DA:122,0
DA:125,0
DA:126,0
DA:128,0
DA:133,1
LF:52
LH:43
BRDA:78,0,0,0
BRDA:78,0,1,1
BRDA:103,1,0,2
BRDA:103,1,1,1
BRF:4
BRH:3
end_of_record
TN:
SF:C:/Code/ProjectManager/ProjectManagerApp/src/app/interceptor/interceptor.ts
FN:6,(anonymous_2)
FN:8,Interceptor
FN:10,(anonymous_4)
FN:11,(anonymous_5)
FNF:4
FNH:4
FNDA:1,(anonymous_2)
FNDA:25,Interceptor
FNDA:70,(anonymous_4)
FNDA:70,(anonymous_5)
DA:1,1
DA:2,1
DA:3,1
DA:4,1
DA:6,1
DA:10,1
DA:11,70
DA:13,70
DA:15,0
DA:18,70
DA:20,0
DA:23,70
DA:25,0
DA:28,70
DA:30,0
DA:33,70
DA:35,0
DA:38,70
DA:40,0
DA:43,70
DA:45,5
DA:48,70
DA:50,11
DA:53,70
DA:55,20
DA:58,70
DA:60,0
DA:63,70
DA:65,0
DA:68,70
DA:70,1
DA:73,70
DA:75,31
DA:78,70
DA:80,0
DA:83,70
DA:85,2
DA:88,70
DA:90,0
DA:92,70
DA:100,1
DA:102,1
LF:42
LH:32
BRDA:13,0,0,0
BRDA:13,0,1,70
BRDA:13,1,0,70
BRDA:13,1,1,0
BRDA:18,2,0,0
BRDA:18,2,1,70
BRDA:18,3,0,70
BRDA:18,3,1,0
BRDA:23,4,0,0
BRDA:23,4,1,70
BRDA:23,5,0,70
BRDA:23,5,1,0
BRDA:28,6,0,0
BRDA:28,6,1,70
BRDA:28,7,0,70
BRDA:28,7,1,0
BRDA:33,8,0,0
BRDA:33,8,1,70
BRDA:33,9,0,70
BRDA:33,9,1,0
BRDA:38,10,0,0
BRDA:38,10,1,70
BRDA:38,11,0,70
BRDA:38,11,1,0
BRDA:43,12,0,5
BRDA:43,12,1,65
BRDA:43,13,0,70
BRDA:43,13,1,5
BRDA:48,14,0,11
BRDA:48,14,1,59
BRDA:48,15,0,70
BRDA:48,15,1,11
BRDA:53,16,0,20
BRDA:53,16,1,50
BRDA:53,17,0,70
BRDA:53,17,1,20
BRDA:58,18,0,0
BRDA:58,18,1,70
BRDA:58,19,0,70
BRDA:58,19,1,0
BRDA:63,20,0,0
BRDA:63,20,1,70
BRDA:63,21,0,70
BRDA:63,21,1,0
BRDA:68,22,0,1
BRDA:68,22,1,69
BRDA:68,23,0,70
BRDA:68,23,1,1
BRDA:73,24,0,31
BRDA:73,24,1,39
BRDA:73,25,0,70
BRDA:73,25,1,31
BRDA:78,26,0,0
BRDA:78,26,1,70
BRDA:78,27,0,70
BRDA:78,27,1,0
BRDA:83,28,0,2
BRDA:83,28,1,68
BRDA:83,29,0,70
BRDA:83,29,1,2
BRDA:88,30,0,0
BRDA:88,30,1,70
BRDA:88,31,0,70
BRDA:88,31,1,0
BRF:64
BRH:44
end_of_record
TN:
SF:C:/Code/ProjectManager/ProjectManagerApp/src/app/services/project.service.ts
FN:10,(anonymous_2)
FN:12,ProjectService
FN:14,(anonymous_4)
FN:18,(anonymous_5)
FN:22,(anonymous_6)
FN:26,(anonymous_7)
FNF:6
FNH:4
FNDA:1,(anonymous_2)
FNDA:14,ProjectService
FNDA:20,(anonymous_4)
FNDA:0,(anonymous_5)
FNDA:0,(anonymous_6)
FNDA:1,(anonymous_7)
DA:1,1
DA:2,1
DA:6,1
DA:10,1
DA:12,14
DA:14,1
DA:15,20
DA:18,1
DA:19,0
DA:22,1
DA:23,0
DA:26,1
DA:27,1
DA:29,1
LF:14
LH:12
BRF:0
BRH:0
end_of_record
TN:
SF:C:/Code/ProjectManager/ProjectManagerApp/src/app/services/task.service.ts
FN:10,(anonymous_2)
FN:11,TaskService
FN:13,(anonymous_4)
FN:17,(anonymous_5)
FN:21,(anonymous_6)
FN:25,(anonymous_7)
FN:29,(anonymous_8)
FN:33,(anonymous_9)
FN:37,(anonymous_10)
FN:42,(anonymous_11)
FNF:10
FNH:4
FNDA:1,(anonymous_2)
FNDA:11,TaskService
FNDA:0,(anonymous_4)
FNDA:0,(anonymous_5)
FNDA:0,(anonymous_6)
FNDA:0,(anonymous_7)
FNDA:0,(anonymous_8)
FNDA:0,(anonymous_9)
FNDA:5,(anonymous_10)
FNDA:11,(anonymous_11)
DA:1,1
DA:2,1
DA:6,1
DA:10,1
DA:11,11
DA:13,1
DA:14,0
DA:17,1
DA:18,0
DA:21,1
DA:22,0
DA:25,1
DA:26,0
DA:29,1
DA:30,0
DA:33,1
DA:34,0
DA:37,1
DA:38,5
DA:42,1
DA:43,11
DA:46,1
LF:22
LH:16
BRF:0
BRH:0
end_of_record
TN:
SF:C:/Code/ProjectManager/ProjectManagerApp/src/app/services/user.service.ts
FN:10,(anonymous_2)
FN:12,UserService
FN:14,(anonymous_4)
FN:18,(anonymous_5)
FN:22,(anonymous_6)
FN:26,(anonymous_7)
FNF:6
FNH:4
FNDA:1,(anonymous_2)
FNDA:21,UserService
FNDA:31,(anonymous_4)
FNDA:0,(anonymous_5)
FNDA:2,(anonymous_6)
FNDA:0,(anonymous_7)
DA:1,1
DA:2,1
DA:6,1
DA:10,1
DA:12,21
DA:14,1
DA:15,31
DA:18,1
DA:19,0
DA:22,1
DA:23,2
DA:26,1
DA:27,0
DA:29,1
LF:14
LH:12
BRF:0
BRH:0
end_of_record
TN:
SF:C:/Code/ProjectManager/ProjectManagerApp/src/app/view-task/view-task.component.ts
FN:17,(anonymous_2)
FN:22,ViewTaskComponent
FN:31,(anonymous_4)
FN:34,(anonymous_5)
FN:37,(anonymous_6)
FN:41,(anonymous_7)
FN:45,(anonymous_8)
FN:50,(anonymous_9)
FN:54,(anonymous_10)
FN:56,(anonymous_11)
FN:64,(anonymous_12)
FNF:11
FNH:6
FNDA:1,(anonymous_2)
FNDA:4,ViewTaskComponent
FNDA:5,(anonymous_4)
FNDA:2,(anonymous_5)
FNDA:0,(anonymous_6)
FNDA:5,(anonymous_7)
FNDA:0,(anonymous_8)
FNDA:0,(anonymous_9)
FNDA:0,(anonymous_10)
FNDA:0,(anonymous_11)
FNDA:2,(anonymous_12)
DA:1,1
DA:3,1
DA:4,1
DA:5,1
DA:6,1
DA:9,1
DA:17,1
DA:18,4
DA:20,4
DA:24,4
DA:25,4
DA:26,4
DA:27,4
DA:28,4
DA:31,5
DA:33,5
DA:35,2
DA:38,0
DA:41,1
DA:42,5
DA:45,1
DA:46,0
DA:47,0
DA:50,1
DA:52,0
DA:55,0
DA:57,0
DA:58,0
DA:64,1
DA:65,2
DA:66,2
DA:67,1
DA:70,1
DA:75,1
LF:34
LH:27
BRDA:66,0,0,1
BRDA:66,0,1,1
BRF:2
BRH:2
end_of_record
TN:
SF:C:/Code/ProjectManager/ProjectManagerApp/src/environments/environment.ts
FNF:0
FNH:0
DA:6,1
LF:1
LH:1
BRF:0
BRH:0
end_of_record
TN:
SF:C:/Code/ProjectManager/ProjectManagerApp/src/shared/data-transfer.service.ts
FN:6,(anonymous_2)
FN:9,DataTransferService
FNF:2
FNH:2
FNDA:1,(anonymous_2)
FNDA:11,DataTransferService
DA:1,1
DA:6,1
DA:10,1
LF:3
LH:3
BRF:0
BRH:0
end_of_record
